<?xml version="1.0" encoding="UTF-8"?>
<Site BuildName="(empty)"
	BuildStamp="20230901-0453-Experimental"
	Name="sjmock"
	Generator="ctest-3.22.1"
	CompilerName="/usr/bin/g++"
	CompilerVersion="11.4.0"
	OSName="Linux"
	Hostname="sjmock"
	OSRelease="6.2.0-26-generic"
	OSVersion="#26~22.04.1-Ubuntu SMP PREEMPT_DYNAMIC Thu Jul 13 16:27:29 UTC 2"
	OSPlatform="x86_64"
	Is64Bits="1"
	VendorString="AuthenticAMD"
	VendorID="Advanced Micro Devices"
	FamilyID="25"
	ModelID="80"
	ProcessorCacheSize="512"
	NumberOfLogicalCPU="16"
	NumberOfPhysicalCPU="8"
	TotalVirtualMemory="2047"
	TotalPhysicalMemory="15382"
	LogicalProcessorsPerPhysical="2"
	ProcessorClockFrequency="3512.17"
	>
	<Testing>
		<StartDateTime>Aug 31 21:53 PDT</StartDateTime>
		<StartTestTime>1693544022</StartTestTime>
		<TestList/>
		<EndDateTime>Aug 31 21:53 PDT</EndDateTime>
		<EndTestTime>1693544022</EndTestTime>
		<ElapsedMinutes>0</ElapsedMinutes>
	</Testing>
</Site>
