<?xml version="1.0" encoding="UTF-8"?>
<Site BuildName="(empty)"
	BuildStamp="20230924-1700-Experimental"
	Name="sjmock"
	Generator="ctest-3.22.1"
	CompilerName="/usr/bin/g++"
	CompilerVersion="11.4.0"
	OSName="Linux"
	Hostname="sjmock"
	OSRelease="6.2.0-33-generic"
	OSVersion="#33~22.04.1-Ubuntu SMP PREEMPT_DYNAMIC Thu Sep  7 10:33:52 UTC 2"
	OSPlatform="x86_64"
	Is64Bits="1"
	VendorString="AuthenticAMD"
	VendorID="Advanced Micro Devices"
	FamilyID="25"
	ModelID="80"
	ProcessorCacheSize="512"
	NumberOfLogicalCPU="16"
	NumberOfPhysicalCPU="8"
	TotalVirtualMemory="2047"
	TotalPhysicalMemory="15382"
	LogicalProcessorsPerPhysical="2"
	ProcessorClockFrequency="4024.75"
	>
	<Testing>
		<StartDateTime>Sep 24 10:00 PDT</StartDateTime>
		<StartTestTime>1695574842</StartTestTime>
		<TestList/>
		<EndDateTime>Sep 24 10:00 PDT</EndDateTime>
		<EndTestTime>1695574842</EndTestTime>
		<ElapsedMinutes>0</ElapsedMinutes>
	</Testing>
</Site>
